<?xml version="1.0" encoding="UTF-8"?>
<!-- Generated by org.testng.reporters.JUnitXMLReporter -->
<testsuite ignored="0" hostname="DESKTOP-4HTSSAJ" failures="0" tests="3" name="TestSuite" time="7.108" errors="0" timestamp="2023-03-09T01:05:57 EST">
  <testcase classname="test.q6" name="executeSessionThree" time="6.253"/>
  <testcase classname="test.q6" name="executeSessionOne" time="6.335"/>
  <testcase classname="test.q6" name="executeSessionTwo" time="7.07"/>
</testsuite> <!-- TestSuite -->
