<?xml version="1.0" encoding="UTF-8"?>
<!-- Generated by org.testng.reporters.JUnitXMLReporter -->
<testsuite ignored="0" hostname="DESKTOP-4HTSSAJ" failures="0" tests="3" name="Default test" time="8.113" errors="0" timestamp="2023-03-10T19:55:19 EST">
  <testcase classname="test.q5b" name="launchGoogle" time="1.286"/>
  <testcase classname="test.q5b" name="performSearchAndClick1stLink" time="3.129"/>
  <testcase classname="test.q5b" name="FaceBookPageTitleVerification" time="0.022"/>
</testsuite> <!-- Default test -->
