<?xml version="1.0" encoding="UTF-8"?>
<testng-results ignored="0" total="3" passed="3" failed="0" skipped="0">
  <reporter-output>
  </reporter-output>
  <suite started-at="2023-03-10T19:55:11 EST" name="Default suite" finished-at="2023-03-10T19:55:19 EST" duration-ms="8113">
    <groups>
    </groups>
    <test started-at="2023-03-10T19:55:11 EST" name="Default test" finished-at="2023-03-10T19:55:19 EST" duration-ms="8113">
      <class name="test.q5b">
        <test-method is-config="true" signature="openBrowser()[pri:0, instance:test.q5b@6babf3bf]" started-at="2023-03-10T19:55:11 EST" name="openBrowser" finished-at="2023-03-10T19:55:13 EST" duration-ms="2762" status="PASS">
          <reporter-output>
          </reporter-output>
        </test-method> <!-- openBrowser -->
        <test-method signature="launchGoogle()[pri:0, instance:test.q5b@6babf3bf]" started-at="2023-03-10T19:55:13 EST" name="launchGoogle" finished-at="2023-03-10T19:55:15 EST" duration-ms="1286" status="PASS">
          <reporter-output>
          </reporter-output>
        </test-method> <!-- launchGoogle -->
        <test-method signature="performSearchAndClick1stLink()[pri:0, instance:test.q5b@6babf3bf]" started-at="2023-03-10T19:55:15 EST" name="performSearchAndClick1stLink" finished-at="2023-03-10T19:55:18 EST" depends-on-methods="test.q5b.launchGoogle" duration-ms="3129" status="PASS">
          <reporter-output>
          </reporter-output>
        </test-method> <!-- performSearchAndClick1stLink -->
        <test-method signature="FaceBookPageTitleVerification()[pri:0, instance:test.q5b@6babf3bf]" started-at="2023-03-10T19:55:18 EST" name="FaceBookPageTitleVerification" finished-at="2023-03-10T19:55:18 EST" depends-on-methods="test.q5b.performSearchAndClick1stLink" duration-ms="22" status="PASS">
          <reporter-output>
          </reporter-output>
        </test-method> <!-- FaceBookPageTitleVerification -->
        <test-method is-config="true" signature="driverExit()[pri:0, instance:test.q5b@6babf3bf]" started-at="2023-03-10T19:55:18 EST" name="driverExit" finished-at="2023-03-10T19:55:19 EST" duration-ms="880" status="PASS">
          <reporter-output>
          </reporter-output>
        </test-method> <!-- driverExit -->
      </class> <!-- test.q5b -->
    </test> <!-- Default test -->
  </suite> <!-- Default suite -->
</testng-results>
